********************************************************************************
DUPLICATOR-LITE PACKAGE-LOG: September 28, 2022 9:42 am
NOTICE: Do NOT post to public sites or forums 
********************************************************************************
VERSION:	1.4.4
WORDPRESS:	6.0.2
PHP INFO:	7.1.8 | SAPI: apache2handler
SERVER:		Apache/2.4.27 (Win32) OpenSSL/1.0.2l PHP/7.1.8 
PHP TIME LIMIT: (0) no time limit imposed 
PHP MAX MEMORY: 4294967296 (1280M default) 
MEMORY STACK: 2MB

********************************************************************************
DATABASE:
********************************************************************************
BUILD MODE:   MYSQLDUMP
MYSQLTIMEOUT: 5000
MYSQLDUMP:    Is Supported
SQL CREATED: 20220928_buisnesstradecameroon_c960f6f6295cab685732_20220928094154_database.sql
SQL FILE SIZE: 5.35MB (5610233)
SQL FILE TIME: 2022-09-28 09:42:31
SQL RUNTIME: 9.55 sec.

********************************************************************************
ARCHIVE (ZIP):
********************************************************************************
ARCHIVE DIR:  C:/xampp/htdocs/wordpress4
ARCHIVE FILE: 20220928_buisnesstradecameroon_c960f6f6295cab685732_20220928094154_archive.zip
FILTERS: *OFF*
DIRS:
	not set
FILES:
	not set
EXTS:  not set
----------------------------------------
COMPRESSING
SIZE:	141.87MB
STATS:	Dirs 1,339 | Files 6,349
SQL ADDED: 20220928_buisnesstradecameroon_c960f6f6295cab685732_20220928094154_database.sql
ZipArchive Object
(
    [status] => 0
    [statusSys] => 0
    [numFiles] => 7688
    [filename] => C:\xampp\htdocs\wordpress4\wp-content\backups-dup-lite\tmp\20220928_buisnesstradecameroon_c960f6f6295cab685732_20220928094154_archive.zip
    [comment] => 
)

FILE ADDED TO ZIP: 7687
COMPRESSION RESULT: '1'
COMPRESSED SIZE: 62.94MB
ARCHIVE RUNTIME: 101.05 sec.
MEMORY STACK: 4MB
building installer
add_extra_files1
add_extra_files2
add_extra_files3
add_extra_files4
Doing archive file check
add_extra_files5
add_extra_files6
add_extra_files8
Successfully opened zip C:/xampp/htdocs/wordpress4/wp-content/backups-dup-lite/tmp/20220928_buisnesstradecameroon_c960f6f6295cab685732_20220928094154_archive.zip
Adding enhanced installer files to archive using ZipArchive
Installer files added to archive
Added to archive
After ziparchive close when adding installer

********************************************************************************
INTEGRITY CHECKS:
********************************************************************************
SQL FILE: 5.35MB
INSTALLER FILE: 64.61KB
ARCHIVE FILE: 63.98MB 
EXPECTED FILE/DIRECTORY COUNT: 7,688
ACTUAL FILE/DIRECTORY COUNT: 7,687
ARCHIVE CONSISTENCY TEST: Pass

********************************************************************************
RECORD ID:[1]
TOTAL PROCESS RUNTIME: 112.13 sec.
PEAK PHP MEMORY USED: 4MB
DONE PROCESSING => 20220928_buisnesstradecameroon September 28, 2022 9:44 am

