********************************************************************************
DUPLICATOR-LITE PACKAGE-LOG: September 29, 2022 12:56 pm
NOTICE: Do NOT post to public sites or forums 
********************************************************************************
VERSION:	1.4.4
WORDPRESS:	6.0.2
PHP INFO:	7.1.8 | SAPI: apache2handler
SERVER:		Apache/2.4.27 (Win32) OpenSSL/1.0.2l PHP/7.1.8 
PHP TIME LIMIT: (0) no time limit imposed 
PHP MAX MEMORY: 4294967296 (1280M default) 
MEMORY STACK: 2MB

********************************************************************************
DATABASE:
********************************************************************************
BUILD MODE:   MYSQLDUMP
MYSQLTIMEOUT: 5000
MYSQLDUMP:    Is Supported
SQL CREATED: 20220928_buisnesstradecameroon_b3fe9e2aea8fa7c82636_20220929125546_database.sql
SQL FILE SIZE: 5.4MB (5661076)
SQL FILE TIME: 2022-09-29 12:56:29
SQL RUNTIME: 9.01 sec.

********************************************************************************
ARCHIVE (ZIP):
********************************************************************************
ARCHIVE DIR:  C:/xampp/htdocs/wordpress4
ARCHIVE FILE: 20220928_buisnesstradecameroon_b3fe9e2aea8fa7c82636_20220929125546_archive.zip
FILTERS: *OFF*
DIRS:
	not set
FILES:
	not set
EXTS:  not set
----------------------------------------
COMPRESSING
SIZE:	141.86MB
STATS:	Dirs 1,339 | Files 6,348
SQL ADDED: 20220928_buisnesstradecameroon_b3fe9e2aea8fa7c82636_20220929125546_database.sql
ZipArchive Object
(
    [status] => 0
    [statusSys] => 0
    [numFiles] => 7687
    [filename] => C:\xampp\htdocs\wordpress4\wp-content\backups-dup-lite\tmp\20220928_buisnesstradecameroon_b3fe9e2aea8fa7c82636_20220929125546_archive.zip
    [comment] => 
)

FILE ADDED TO ZIP: 7686
COMPRESSION RESULT: '1'
COMPRESSED SIZE: 62.95MB
ARCHIVE RUNTIME: 99.37 sec.
MEMORY STACK: 2MB
building installer
add_extra_files1
add_extra_files2
add_extra_files3
add_extra_files4
Doing archive file check
add_extra_files5
add_extra_files6
add_extra_files8
Successfully opened zip C:/xampp/htdocs/wordpress4/wp-content/backups-dup-lite/tmp/20220928_buisnesstradecameroon_b3fe9e2aea8fa7c82636_20220929125546_archive.zip
Adding enhanced installer files to archive using ZipArchive
Installer files added to archive
Added to archive
After ziparchive close when adding installer

********************************************************************************
INTEGRITY CHECKS:
********************************************************************************
SQL FILE: 5.4MB
INSTALLER FILE: 64.61KB
ARCHIVE FILE: 63.99MB 
EXPECTED FILE/DIRECTORY COUNT: 7,687
ACTUAL FILE/DIRECTORY COUNT: 7,686
ARCHIVE CONSISTENCY TEST: Pass

********************************************************************************
RECORD ID:[2]
TOTAL PROCESS RUNTIME: 109.69 sec.
PEAK PHP MEMORY USED: 2MB
DONE PROCESSING => 20220928_buisnesstradecameroon September 29, 2022 12:58 pm

