********************************************************************************
DUPLICATOR-LITE PACKAGE-LOG: October 13, 2022 10:17 am
NOTICE: Do NOT post to public sites or forums 
********************************************************************************
VERSION:	1.4.4
WORDPRESS:	6.0.2
PHP INFO:	7.1.8 | SAPI: apache2handler
SERVER:		Apache/2.4.27 (Win32) OpenSSL/1.0.2l PHP/7.1.8 
PHP TIME LIMIT: (0) no time limit imposed 
PHP MAX MEMORY: 4294967296 (1280M default) 
MEMORY STACK: 4MB

********************************************************************************
DATABASE:
********************************************************************************
BUILD MODE:   MYSQLDUMP
MYSQLTIMEOUT: 5000
MYSQLDUMP:    Is Supported
SQL CREATED: 20221012_buisnesstradecameroon_198671502579fcc33234_20221013101743_database.sql
SQL FILE SIZE: 5.94MB (6230241)
SQL FILE TIME: 2022-10-13 10:18:02
SQL RUNTIME: 5.74 sec.

********************************************************************************
ARCHIVE (ZIP):
********************************************************************************
ARCHIVE DIR:  C:/xampp/htdocs/wordpress4
ARCHIVE FILE: 20221012_buisnesstradecameroon_198671502579fcc33234_20221013101743_archive.zip
FILTERS: *OFF*
DIRS:
	not set
FILES:
	not set
EXTS:  not set
----------------------------------------
COMPRESSING
SIZE:	141.86MB
STATS:	Dirs 1,340 | Files 6,347
SQL ADDED: 20221012_buisnesstradecameroon_198671502579fcc33234_20221013101743_database.sql
ZipArchive Object
(
    [status] => 0
    [statusSys] => 0
    [numFiles] => 7687
    [filename] => C:\xampp\htdocs\wordpress4\wp-content\backups-dup-lite\tmp\20221012_buisnesstradecameroon_198671502579fcc33234_20221013101743_archive.zip
    [comment] => 
)

FILE ADDED TO ZIP: 7686
COMPRESSION RESULT: '1'
COMPRESSED SIZE: 63MB
ARCHIVE RUNTIME: 90.29 sec.
MEMORY STACK: 6MB
building installer
add_extra_files1
add_extra_files2
add_extra_files3
add_extra_files4
Doing archive file check
add_extra_files5
add_extra_files6
add_extra_files8
Successfully opened zip C:/xampp/htdocs/wordpress4/wp-content/backups-dup-lite/tmp/20221012_buisnesstradecameroon_198671502579fcc33234_20221013101743_archive.zip
Adding enhanced installer files to archive using ZipArchive
Installer files added to archive
Added to archive
After ziparchive close when adding installer

********************************************************************************
INTEGRITY CHECKS:
********************************************************************************
SQL FILE: 5.94MB
INSTALLER FILE: 64.61KB
ARCHIVE FILE: 64.04MB 
EXPECTED FILE/DIRECTORY COUNT: 7,687
ACTUAL FILE/DIRECTORY COUNT: 7,686
ARCHIVE CONSISTENCY TEST: Pass

********************************************************************************
RECORD ID:[3]
TOTAL PROCESS RUNTIME: 97.68 sec.
PEAK PHP MEMORY USED: 8MB
DONE PROCESSING => 20221012_buisnesstradecameroon October 13, 2022 10:19 am

